<?xml version="1.0" encoding="UTF-8"?>
<testng-results ignored="0" total="1" passed="1" failed="0" skipped="0">
  <reporter-output>
  </reporter-output>
  <suite started-at="2026-01-15T19:27:27 IST" name="Suite" finished-at="2026-01-15T19:27:40 IST" duration-ms="13241">
    <groups>
    </groups>
    <test started-at="2026-01-15T19:27:27 IST" name="Test" finished-at="2026-01-15T19:27:40 IST" duration-ms="13241">
      <class name="tests.LoginTest">
        <test-method is-config="true" signature="setup()[pri:0, instance:tests.LoginTest@34a3d150]" started-at="2026-01-15T19:27:27 IST" name="setup" finished-at="2026-01-15T19:27:35 IST" duration-ms="8568" status="PASS">
          <reporter-output>
          </reporter-output>
        </test-method> <!-- setup -->
        <test-method signature="loginTest()[pri:0, instance:tests.LoginTest@34a3d150]" started-at="2026-01-15T19:27:35 IST" name="loginTest" finished-at="2026-01-15T19:27:39 IST" duration-ms="3382" status="PASS">
          <reporter-output>
          </reporter-output>
        </test-method> <!-- loginTest -->
        <test-method is-config="true" signature="tearDown()[pri:0, instance:tests.LoginTest@34a3d150]" started-at="2026-01-15T19:27:39 IST" name="tearDown" finished-at="2026-01-15T19:27:40 IST" duration-ms="1219" status="PASS">
          <reporter-output>
          </reporter-output>
        </test-method> <!-- tearDown -->
      </class> <!-- tests.LoginTest -->
    </test> <!-- Test -->
  </suite> <!-- Suite -->
</testng-results>
